11:00:01,999 DEBUG SQL:103 - 
    
    create table Guide (
       id bigint not null auto_increment,
        name varchar(255),
        salary integer,
        staff_id varchar(255) not null,
        primary key (id)
    ) engine=InnoDB
11:00:02,029 DEBUG SQL:103 - 
    
    create table Student (
       id bigint not null auto_increment,
        enrollment_id varchar(255) not null,
        student_name varchar(255) not null,
        guide_id bigint,
        primary key (id)
    ) engine=InnoDB
11:00:02,045 DEBUG SQL:103 - 
    
    alter table Student 
       add constraint FKb4ny3l3cnsxbbn601ev8mhlj5 
       foreign key (guide_id) 
       references Guide (id)
11:00:02,146 DEBUG SQL:103 - 
    select
        guide0_.id as id1_0_0_,
        guide0_.name as name2_0_0_,
        guide0_.salary as salary3_0_0_,
        guide0_.staff_id as staff_id4_0_0_ 
    from
        Guide guide0_ 
    where
        guide0_.id=?
11:00:02,149 TRACE BasicBinder:65 - binding parameter [1] as [BIGINT] - [3]
