12:05:05,466 DEBUG SQL:103 - 
    
    create table Guide (
       id bigint not null auto_increment,
        name varchar(255),
        salary integer,
        staff_id varchar(255) not null,
        primary key (id)
    ) engine=InnoDB
12:05:05,488 DEBUG SQL:103 - 
    
    create table Guide_Student (
       Guide_id bigint not null,
        students_id bigint not null
    ) engine=InnoDB
12:05:05,503 DEBUG SQL:103 - 
    
    create table Student (
       id bigint not null auto_increment,
        enrollment_id varchar(255) not null,
        student_name varchar(255) not null,
        primary key (id)
    ) engine=InnoDB
12:05:05,518 DEBUG SQL:103 - 
    
    alter table Guide_Student 
       drop index UK_cc2uxnajiujex8wift8qy2na9
12:05:05,526 DEBUG SQL:103 - 
    
    alter table Guide_Student 
       add constraint UK_cc2uxnajiujex8wift8qy2na9 unique (students_id)
12:05:05,560 DEBUG SQL:103 - 
    
    alter table Guide_Student 
       add constraint FKd7wa4lfb8pc03valyxjg09i8i 
       foreign key (students_id) 
       references Student (id)
12:05:05,597 DEBUG SQL:103 - 
    
    alter table Guide_Student 
       add constraint FK3lc7dq9tk4l2ymn58dlrc40sv 
       foreign key (Guide_id) 
       references Guide (id)
12:05:05,701 DEBUG SQL:103 - 
    insert 
    into
        Guide
        (name, salary, staff_id) 
    values
        (?, ?, ?)
12:05:05,703 TRACE BasicBinder:65 - binding parameter [1] as [VARCHAR] - [Natalie Smith]
12:05:05,704 TRACE BasicBinder:65 - binding parameter [2] as [INTEGER] - [1000]
12:05:05,704 TRACE BasicBinder:65 - binding parameter [3] as [VARCHAR] - [20523XBEDSFDS123]
12:05:05,710 DEBUG SQL:103 - 
    insert 
    into
        Student
        (enrollment_id, student_name) 
    values
        (?, ?)
12:05:05,710 TRACE BasicBinder:65 - binding parameter [1] as [VARCHAR] - [2022ABC123]
12:05:05,710 TRACE BasicBinder:65 - binding parameter [2] as [VARCHAR] - [Jason Slater]
12:05:05,712 DEBUG SQL:103 - 
    insert 
    into
        Student
        (enrollment_id, student_name) 
    values
        (?, ?)
12:05:05,713 TRACE BasicBinder:65 - binding parameter [1] as [VARCHAR] - [2021XYZ567]
12:05:05,713 TRACE BasicBinder:65 - binding parameter [2] as [VARCHAR] - [Will Smith]
12:05:05,722 DEBUG SQL:103 - 
    insert 
    into
        Guide_Student
        (Guide_id, students_id) 
    values
        (?, ?)
12:05:05,723 TRACE BasicBinder:65 - binding parameter [1] as [BIGINT] - [1]
12:05:05,723 TRACE BasicBinder:65 - binding parameter [2] as [BIGINT] - [1]
12:05:05,724 DEBUG SQL:103 - 
    insert 
    into
        Guide_Student
        (Guide_id, students_id) 
    values
        (?, ?)
12:05:05,725 TRACE BasicBinder:65 - binding parameter [1] as [BIGINT] - [1]
12:05:05,725 TRACE BasicBinder:65 - binding parameter [2] as [BIGINT] - [2]
